#
# A fatal error has been detected by the Java Runtime Environment:
#
#  EXCEPTION_ACCESS_VIOLATION (0xc0000005) at pc=0x000000005418f50b, pid=4036, tid=0x000000000000109c
#
# JRE version: OpenJDK Runtime Environment (8.0_202-b03) (build 1.8.0_202-release-1483-b03)
# Java VM: OpenJDK 64-Bit Server VM (25.202-b03 mixed mode windows-amd64 compressed oops)
# Problematic frame:
# V  [jvm.dll+0xef50b]
#
# Failed to write core dump. Minidumps are not enabled by default on client versions of Windows
#
# If you would like to submit a bug report, please visit:
#   http://bugreport.java.com/bugreport/crash.jsp
#

---------------  T H R E A D  ---------------

Current thread (0x00000000021a7000):  GCTaskThread [stack: 0x0000000012450000,0x0000000012550000] [id=4252]

siginfo: ExceptionCode=0xc0000005, reading address 0x0000000500f55548

Registers:
RAX=0x0000000012550000, RBX=0x00000000a01d3d08, RCX=0x0000000000000003, RDX=0x0000000000000001
RSP=0x000000001254f260, RBP=0x00000000a7066a38, RSI=0x00000000162347f0, RDI=0x00000000162347f0
R8 =0x0000000500f55540, R9 =0x0000000100001df8, R10=0x000000000000000c, R11=0x000000005466c2f8
R12=0x00000000a7066a44, R13=0x0000000100002068, R14=0x0000000100002070, R15=0x00000000a7066a00
RIP=0x000000005418f50b, EFLAGS=0x0000000000010202

Top of Stack: (sp=0x000000001254f260)
0x000000001254f260:   0000000100001df8 000000000000000d
0x000000001254f270:   0000000000000003 000000005418f369
0x000000001254f280:   0000000000000000 00000000000003d8
0x000000001254f290:   00000000021a7618 000008210000041e
0x000000001254f2a0:   00000000a7066a00 0000000054195075
0x000000001254f2b0:   00000000a7066a80 00000000162347f0
0x000000001254f2c0:   00000000162347f0 00000000021a7240
0x000000001254f2d0:   0000000002229570 0000000054465f40
0x000000001254f2e0:   00000000162347f0 000008210000041e
0x000000001254f2f0:   00000000021a7240 0000000000000792
0x000000001254f300:   000008200000041e 000008210000041e
0x000000001254f310:   0000000000000000 0000000000000000
0x000000001254f320:   0000000000000000 0000000020a90000
0x000000001254f330:   0000000000000001 000036bf00001a01
0x000000001254f340:   0000e359c76e0bad 00000000021a7618
0x000000001254f350:   00000000021a7240 00000000000003d8 

Instructions: (pc=0x000000005418f50b)
0x000000005418f4eb:   6d 00 84 d2 74 16 44 8b 43 08 8b 0d 1d 12 67 00
0x000000005418f4fb:   49 d3 e0 4c 03 05 0b 12 67 00 eb 04 4c 8b 43 08
0x000000005418f50b:   45 8b 48 08 45 85 c9 7e 0c 41 f6 c1 01 75 4b 41
0x000000005418f51b:   c1 f9 03 eb 57 79 43 84 d2 41 8b c9 b8 10 00 00 


Register to memory mapping:

RAX=0x0000000012550000 is an unknown value
RBX=0x00000000a01d3d08 is pointing into object: 0x00000000a01d3cf0
java.security.ProtectionDomain 
 - klass: 'java/security/ProtectionDomain'
RCX=0x0000000000000003 is an unknown value
RDX=0x0000000000000001 is an unknown value
RSP=0x000000001254f260 is an unknown value
RBP=0x00000000a7066a38 is pointing into object: 0x00000000a7066a00
java.lang.Class 
 - klass: 'java/lang/Class'
RSI=0x00000000162347f0 is an unknown value
RDI=0x00000000162347f0 is an unknown value
R8 =0x0000000500f55540 is an unknown value
R9 =0x0000000100001df8 is pointing into metadata
R10=0x000000000000000c is an unknown value
R11=0x000000005466c2f8 is an unknown value
R12=0x00000000a7066a44 is pointing into object: 0x00000000a7066a00
java.lang.Class 
 - klass: 'java/lang/Class'
R13=0x0000000100002068 is pointing into metadata
R14=0x0000000100002070 is pointing into metadata
R15=0x00000000a7066a00 is an oop
java.lang.Class 
 - klass: 'java/lang/Class'


Stack: [0x0000000012450000,0x0000000012550000],  sp=0x000000001254f260,  free space=1020k
Native frames: (J=compiled Java code, j=interpreted, Vv=VM code, C=native code)
V  [jvm.dll+0xef50b]
V  [jvm.dll+0xf5075]
V  [jvm.dll+0x3c5f40]
V  [jvm.dll+0x3c2fc3]
V  [jvm.dll+0x3c0d9e]
V  [jvm.dll+0x26f5ba]
C  [msvcr100.dll+0x21d9f]
C  [msvcr100.dll+0x21e3b]
C  [KERNEL32.DLL+0x17bd4]
C  [ntdll.dll+0x6ced1]


---------------  P R O C E S S  ---------------

Java Threads: ( => current thread )
  0x0000000020a9c000 JavaThread "WorkerExecutor Queue Thread 8" [_thread_blocked, id=6216, stack(0x000000002a1b0000,0x000000002a2b0000)]
  0x0000000020a95000 JavaThread "WorkerExecutor Queue Thread 7" [_thread_blocked, id=14320, stack(0x0000000029cb0000,0x0000000029db0000)]
  0x0000000020a8d800 JavaThread "WorkerExecutor Queue Thread 6" [_thread_blocked, id=3988, stack(0x00000000299b0000,0x0000000029ab0000)]
  0x0000000020a93800 JavaThread "ForkJoinPool.commonPool-worker-3" daemon [_thread_blocked, id=1788, stack(0x00000000298b0000,0x00000000299b0000)]
  0x0000000020a90000 JavaThread "ForkJoinPool.commonPool-worker-10" daemon [_thread_blocked, id=2504, stack(0x00000000297b0000,0x00000000298b0000)]
  0x0000000020a8f000 JavaThread "ForkJoinPool.commonPool-worker-1" daemon [_thread_blocked, id=7536, stack(0x00000000296b0000,0x00000000297b0000)]
  0x0000000020a93000 JavaThread "ForkJoinPool.commonPool-worker-8" daemon [_thread_blocked, id=3600, stack(0x00000000295b0000,0x00000000296b0000)]
  0x0000000020a90800 JavaThread "ForkJoinPool.commonPool-worker-15" daemon [_thread_blocked, id=4212, stack(0x00000000294b0000,0x00000000295b0000)]
  0x0000000020a91800 JavaThread "ForkJoinPool.commonPool-worker-6" daemon [_thread_blocked, id=8404, stack(0x00000000293b0000,0x00000000294b0000)]
  0x0000000020a94800 JavaThread "ForkJoinPool.commonPool-worker-13" daemon [_thread_blocked, id=9608, stack(0x00000000292b0000,0x00000000293b0000)]
  0x0000000020a8e800 JavaThread "ForkJoinPool.commonPool-worker-11" daemon [_thread_blocked, id=3596, stack(0x00000000290b0000,0x00000000291b0000)]
  0x000000001ad33000 JavaThread "ForkJoinPool.commonPool-worker-2" daemon [_thread_blocked, id=12680, stack(0x0000000028fb0000,0x00000000290b0000)]
  0x000000001ad32000 JavaThread "ForkJoinPool.commonPool-worker-9" daemon [_thread_blocked, id=8068, stack(0x0000000028eb0000,0x0000000028fb0000)]
  0x000000001ad36000 JavaThread "stdout" [_thread_in_native, id=7784, stack(0x0000000028db0000,0x0000000028eb0000)]
  0x000000001ad34800 JavaThread "stderr" [_thread_in_native, id=6008, stack(0x0000000028cb0000,0x0000000028db0000)]
  0x000000001efd6000 JavaThread "stdout" [_thread_in_native, id=7728, stack(0x0000000028bb0000,0x0000000028cb0000)]
  0x000000001efd5800 JavaThread "stderr" [_thread_in_native, id=11268, stack(0x0000000028ab0000,0x0000000028bb0000)]
  0x000000001efd9000 JavaThread "WorkerExecutor Queue Thread 5" [_thread_blocked, id=5932, stack(0x00000000287b0000,0x00000000288b0000)]
  0x000000001efd0000 JavaThread "WorkerExecutor Queue Thread 4" [_thread_blocked, id=2928, stack(0x00000000286b0000,0x00000000287b0000)]
  0x000000001efd4800 JavaThread "pool-11-thread-1" [_thread_blocked, id=6548, stack(0x00000000285b0000,0x00000000286b0000)]
  0x000000001efd4000 JavaThread "WorkerExecutor Queue Thread 3" [_thread_blocked, id=4204, stack(0x00000000284b0000,0x00000000285b0000)]
  0x000000001efcc800 JavaThread "WorkerExecutor Queue Thread 2" [_thread_blocked, id=3496, stack(0x00000000283b0000,0x00000000284b0000)]
  0x000000001efce000 JavaThread "WorkerExecutor Queue" [_thread_blocked, id=8396, stack(0x0000000027db0000,0x0000000027eb0000)]
  0x000000001dca0000 JavaThread "Cache worker for execution history cache (C:\Users\Kiriakos\Documents\CSD\Binaural\graph1\.gradle\5.4.1\executionHistory)" [_thread_blocked, id=8236, stack(0x0000000027cb0000,0x0000000027db0000)]
  0x000000001dc9e800 JavaThread "Execution worker for ':' Thread 11" [_thread_blocked, id=4796, stack(0x0000000027bb0000,0x0000000027cb0000)]
  0x000000001dc9f800 JavaThread "Execution worker for ':' Thread 10" [_thread_blocked, id=3036, stack(0x0000000027ab0000,0x0000000027bb0000)]
  0x000000001dc9c000 JavaThread "Execution worker for ':' Thread 9" [_thread_blocked, id=12524, stack(0x00000000279b0000,0x0000000027ab0000)]
  0x000000001dc9d800 JavaThread "Execution worker for ':' Thread 8" [_thread_blocked, id=14052, stack(0x00000000278b0000,0x00000000279b0000)]
  0x000000001dc9b800 JavaThread "Execution worker for ':' Thread 7" [_thread_blocked, id=11548, stack(0x00000000277b0000,0x00000000278b0000)]
  0x000000001dc94000 JavaThread "Execution worker for ':' Thread 6" [_thread_blocked, id=11176, stack(0x00000000276b0000,0x00000000277b0000)]
  0x000000001dc9a800 JavaThread "Execution worker for ':' Thread 5" [_thread_blocked, id=11728, stack(0x00000000275b0000,0x00000000276b0000)]
  0x000000001dc93000 JavaThread "Execution worker for ':' Thread 4" [_thread_blocked, id=7836, stack(0x00000000274b0000,0x00000000275b0000)]
  0x000000001dc9a000 JavaThread "Execution worker for ':' Thread 3" [_thread_blocked, id=11260, stack(0x00000000273b0000,0x00000000274b0000)]
  0x000000001dc94800 JavaThread "Execution worker for ':' Thread 2" [_thread_blocked, id=14332, stack(0x00000000272b0000,0x00000000273b0000)]
  0x000000001dc95800 JavaThread "Execution worker for ':'" [_thread_blocked, id=7392, stack(0x00000000271b0000,0x00000000272b0000)]
  0x000000001dc99000 JavaThread "Cache worker for file content cache (C:\Users\Kiriakos\Documents\CSD\Binaural\graph1\.gradle\5.4.1\fileContent)" [_thread_blocked, id=11284, stack(0x00000000270b0000,0x00000000271b0000)]
  0x000000001dc98800 JavaThread "Cache worker for file content cache (C:\Users\Kiriakos\.gradle\caches\5.4.1\fileContent)" [_thread_blocked, id=6396, stack(0x0000000026fb0000,0x00000000270b0000)]
  0x000000001dc96000 JavaThread "Cache worker for Build Output Cleanup Cache (C:\Users\Kiriakos\Documents\CSD\Binaural\graph1\.gradle\buildOutputCleanup)" [_thread_blocked, id=2704, stack(0x0000000026cb0000,0x0000000026db0000)]
  0x000000001dc97000 JavaThread "Build operations Thread 12" [_thread_blocked, id=10704, stack(0x0000000026bb0000,0x0000000026cb0000)]
  0x000000001dc91800 JavaThread "Build operations Thread 11" [_thread_blocked, id=13056, stack(0x0000000024fe0000,0x00000000250e0000)]
  0x000000001c50e000 JavaThread "Build operations Thread 10" [_thread_blocked, id=8344, stack(0x0000000024ee0000,0x0000000024fe0000)]
  0x000000001c50a000 JavaThread "Build operations Thread 9" [_thread_blocked, id=8304, stack(0x0000000024de0000,0x0000000024ee0000)]
  0x000000001c508000 JavaThread "Build operations Thread 8" [_thread_blocked, id=12544, stack(0x00000000225e0000,0x00000000226e0000)]
  0x000000001c50b000 JavaThread "Build operations Thread 7" [_thread_blocked, id=7984, stack(0x00000000224e0000,0x00000000225e0000)]
  0x000000001c50e800 JavaThread "Build operations Thread 6" [_thread_blocked, id=8988, stack(0x00000000223e0000,0x00000000224e0000)]
  0x000000001c50d000 JavaThread "Build operations Thread 5" [_thread_blocked, id=8636, stack(0x00000000222e0000,0x00000000223e0000)]
  0x000000001c507000 JavaThread "Build operations Thread 4" [_thread_blocked, id=9012, stack(0x00000000221e0000,0x00000000222e0000)]
  0x000000001c50b800 JavaThread "Build operations Thread 3" [_thread_blocked, id=12936, stack(0x00000000220e0000,0x00000000221e0000)]
  0x000000001c508800 JavaThread "Build operations Thread 2" [_thread_blocked, id=2352, stack(0x0000000021fe0000,0x00000000220e0000)]
  0x000000001c50c800 JavaThread "Build operations" [_thread_blocked, id=10764, stack(0x0000000021ee0000,0x0000000021fe0000)]
  0x000000001c503800 JavaThread "Cache worker for cache directory md-rule (C:\Users\Kiriakos\.gradle\caches\5.4.1\md-rule)" [_thread_blocked, id=8312, stack(0x0000000021be0000,0x0000000021ce0000)]
  0x000000001c505000 JavaThread "Cache worker for cache directory md-supplier (C:\Users\Kiriakos\.gradle\caches\5.4.1\md-supplier)" [_thread_blocked, id=6052, stack(0x0000000021ae0000,0x0000000021be0000)]
  0x000000001c509800 JavaThread "Cache worker for file hash cache (C:\Users\Kiriakos\Documents\CSD\Binaural\graph1\.gradle\5.4.1\fileHashes)" [_thread_blocked, id=10560, stack(0x00000000212e0000,0x00000000213e0000)]
  0x000000001c502800 JavaThread "Thread-158" [_thread_blocked, id=3252, stack(0x000000001f810000,0x000000001f910000)]
  0x000000001c504000 JavaThread "Stdin handler" [_thread_blocked, id=9832, stack(0x000000001f4b0000,0x000000001f5b0000)]
  0x000000001c501000 JavaThread "Asynchronous log dispatcher for DefaultDaemonConnection: socket connection from /127.0.0.1:49919 to /127.0.0.1:51584" [_thread_blocked, id=12668, stack(0x000000001bd40000,0x000000001be40000)]
  0x000000001c500800 JavaThread "Daemon worker Thread 5" [_thread_blocked, id=4844, stack(0x000000001bc40000,0x000000001bd40000)]
  0x000000001c4ff800 JavaThread "Cancel handler" [_thread_blocked, id=14040, stack(0x000000001bb40000,0x000000001bc40000)]
  0x000000001c502000 JavaThread "Handler for socket connection from /127.0.0.1:49919 to /127.0.0.1:51584" [_thread_in_native, id=2884, stack(0x000000001b840000,0x000000001b940000)]
  0x000000001c506800 JavaThread "Daemon Thread 5" [_thread_blocked, id=12796, stack(0x000000001b740000,0x000000001b840000)]
  0x000000001efdb800 JavaThread "Memory manager" [_thread_blocked, id=3864, stack(0x0000000024ae0000,0x0000000024be0000)]
  0x000000001efd1000 JavaThread "Cache worker for execution history cache (C:\Users\Kiriakos\.gradle\caches\5.4.1\executionHistory)" [_thread_blocked, id=12588, stack(0x00000000213e0000,0x00000000214e0000)]
  0x000000001ad35000 JavaThread "Cache worker for journal cache (C:\Users\Kiriakos\.gradle\caches\journal-1)" [_thread_blocked, id=12632, stack(0x000000001d210000,0x000000001d310000)]
  0x000000001ad37800 JavaThread "File lock request listener" [_thread_in_native, id=10356, stack(0x000000001d110000,0x000000001d210000)]
  0x000000001ac23800 JavaThread "Cache worker for file hash cache (C:\Users\Kiriakos\.gradle\caches\5.4.1\fileHashes)" [_thread_blocked, id=12628, stack(0x000000001d010000,0x000000001d110000)]
  0x000000001abba000 JavaThread "Daemon periodic checks" [_thread_blocked, id=7712, stack(0x000000001b640000,0x000000001b740000)]
  0x000000001abab800 JavaThread "Incoming local TCP Connector on port 49919" [_thread_in_native, id=12268, stack(0x000000001b400000,0x000000001b500000)]
  0x000000001aa60800 JavaThread "Daemon health stats" [_thread_blocked, id=12084, stack(0x000000001adc0000,0x000000001aec0000)]
  0x00000000179b4000 JavaThread "Service Thread" daemon [_thread_blocked, id=7732, stack(0x0000000019380000,0x0000000019480000)]
  0x000000001792d800 JavaThread "C1 CompilerThread3" daemon [_thread_blocked, id=12316, stack(0x0000000019280000,0x0000000019380000)]
  0x000000001792b800 JavaThread "C2 CompilerThread2" daemon [_thread_blocked, id=2860, stack(0x0000000019180000,0x0000000019280000)]
  0x000000001624c000 JavaThread "C2 CompilerThread1" daemon [_thread_in_native, id=2864, stack(0x0000000019080000,0x0000000019180000)]
  0x0000000017920800 JavaThread "C2 CompilerThread0" daemon [_thread_in_native, id=10668, stack(0x0000000018f80000,0x0000000019080000)]
  0x000000001791f800 JavaThread "Attach Listener" daemon [_thread_blocked, id=4264, stack(0x0000000018e80000,0x0000000018f80000)]
  0x000000001791e800 JavaThread "Signal Dispatcher" daemon [_thread_blocked, id=580, stack(0x0000000018d80000,0x0000000018e80000)]
  0x000000001623d000 JavaThread "Finalizer" daemon [_thread_blocked, id=4256, stack(0x0000000018b80000,0x0000000018c80000)]
  0x0000000017913000 JavaThread "Reference Handler" daemon [_thread_blocked, id=4208, stack(0x0000000018a80000,0x0000000018b80000)]
  0x000000000217e000 JavaThread "main" [_thread_blocked, id=10820, stack(0x0000000002050000,0x0000000002150000)]

Other Threads:
  0x0000000016236000 VMThread [stack: 0x0000000018980000,0x0000000018a80000] [id=3632]
  0x00000000179b4800 WatcherThread [stack: 0x0000000019480000,0x0000000019580000] [id=5940]

=>0x00000000021a7000 (exited) GCTaskThread [stack: 0x0000000012450000,0x0000000012550000] [id=4252]

VM state:at safepoint (normal execution)

VM Mutex/Monitor currently owned by a thread:  ([mutex/lock_event])
[0x000000000217d2c0] Threads_lock - owner thread: 0x0000000016236000
[0x000000000217cb40] Heap_lock - owner thread: 0x000000001dc9a800

heap address: 0x00000000a0000000, size: 1536 MB, Compressed Oops mode: 32-bit
Narrow klass base: 0x0000000000000000, Narrow klass shift: 3
Compressed class space size: 1073741824 Address: 0x0000000100000000

Heap:
 PSYoungGen      total 412672K, used 6112K [0x00000000e0000000, 0x0000000100000000, 0x0000000100000000)
  eden space 330240K, 0% used [0x00000000e0000000,0x00000000e0000000,0x00000000f4280000)
  from space 82432K, 7% used [0x00000000f4280000,0x00000000f4878010,0x00000000f9300000)
  to   space 82432K, 0% used [0x00000000faf80000,0x00000000faf80000,0x0000000100000000)
 ParOldGen       total 258048K, used 239469K [0x00000000a0000000, 0x00000000afc00000, 0x00000000e0000000)
  object space 258048K, 92% used [0x00000000a0000000,0x00000000ae9db540,0x00000000afc00000)
 Metaspace       used 89252K, capacity 94578K, committed 94808K, reserved 1132544K
  class space    used 11616K, capacity 12549K, committed 12672K, reserved 1048576K

Card table byte_map: [0x0000000011640000,0x0000000011950000] byte_map_base: 0x0000000011140000

Marking Bits: (ParMarkBitMap*) 0x0000000054869f30
 Begin Bits: [0x0000000012550000, 0x0000000013d50000)
 End Bits:   [0x0000000013d50000, 0x0000000015550000)

Polling page: 0x00000000001e0000

CodeCache: size=245760Kb used=51107Kb max_used=51107Kb free=194652Kb
 bounds [0x0000000002280000, 0x00000000054b0000, 0x0000000011280000]
 total_blobs=15287 nmethods=14397 adapters=803
 compilation: enabled

Compilation events (10 events):
Event: 7511.707 Thread 0x000000001792d800 nmethod 17561 0x00000000054a7a90 code [0x00000000054a7c20, 0x00000000054a81a8]
Event: 7511.707 Thread 0x000000001792d800 17563       2       com.android.tools.r8.ir.code.h0::a (15 bytes)
Event: 7511.707 Thread 0x000000001792d800 nmethod 17563 0x00000000054a8390 code [0x00000000054a84e0, 0x00000000054a8670]
Event: 7511.707 Thread 0x000000001792d800 17562       2       com.android.tools.r8.utils.y::b (13 bytes)
Event: 7511.707 Thread 0x000000001792d800 nmethod 17562 0x00000000054a8750 code [0x00000000054a88a0, 0x00000000054a8a10]
Event: 7511.711 Thread 0x000000001792d800 17564       3       com.android.tools.r8.ir.regalloc.LinearScanRegisterAllocator::a (125 bytes)
Event: 7511.711 Thread 0x000000001792d800 nmethod 17564 0x00000000054a8a90 code [0x00000000054a8c40, 0x00000000054a9208]
Event: 7511.711 Thread 0x000000001792d800 17566       3       com.android.tools.r8.n.a.a.a.g.m::a (38 bytes)
Event: 7511.712 Thread 0x000000001792d800 nmethod 17566 0x00000000054a9410 code [0x00000000054a95c0, 0x00000000054a9b78]
Event: 7511.712 Thread 0x000000001792d800 17567       3       com.android.tools.r8.ir.conversion.I::a (556 bytes)

GC Heap History (10 events):
Event: 7510.865 GC heap after
Heap after GC invocations=20 (full 3):
 PSYoungGen      total 249344K, used 33264K [0x00000000e0000000, 0x00000000f6800000, 0x0000000100000000)
  eden space 216064K, 0% used [0x00000000e0000000,0x00000000e0000000,0x00000000ed300000)
  from space 33280K, 99% used [0x00000000ed300000,0x00000000ef37c210,0x00000000ef380000)
  to   space 50688K, 0% used [0x00000000f3680000,0x00000000f3680000,0x00000000f6800000)
 ParOldGen       total 258048K, used 114920K [0x00000000a0000000, 0x00000000afc00000, 0x00000000e0000000)
  object space 258048K, 44% used [0x00000000a0000000,0x00000000a703a390,0x00000000afc00000)
 Metaspace       used 88998K, capacity 94348K, committed 94552K, reserved 1130496K
  class space    used 11607K, capacity 12548K, committed 12672K, reserved 1048576K
}
Event: 7511.006 GC heap before
{Heap before GC invocations=21 (full 3):
 PSYoungGen      total 249344K, used 249328K [0x00000000e0000000, 0x00000000f6800000, 0x0000000100000000)
  eden space 216064K, 100% used [0x00000000e0000000,0x00000000ed300000,0x00000000ed300000)
  from space 33280K, 99% used [0x00000000ed300000,0x00000000ef37c210,0x00000000ef380000)
  to   space 50688K, 0% used [0x00000000f3680000,0x00000000f3680000,0x00000000f6800000)
 ParOldGen       total 258048K, used 114922K [0x00000000a0000000, 0x00000000afc00000, 0x00000000e0000000)
  object space 258048K, 44% used [0x00000000a0000000,0x00000000a703aba0,0x00000000afc00000)
 Metaspace       used 89041K, capacity 94348K, committed 94552K, reserved 1130496K
  class space    used 11607K, capacity 12548K, committed 12672K, reserved 1048576K
Event: 7511.040 GC heap after
Heap after GC invocations=21 (full 3):
 PSYoungGen      total 301056K, used 50669K [0x00000000e0000000, 0x00000000f9400000, 0x0000000100000000)
  eden space 250368K, 0% used [0x00000000e0000000,0x00000000e0000000,0x00000000ef480000)
  from space 50688K, 99% used [0x00000000f3680000,0x00000000f67fb560,0x00000000f6800000)
  to   space 67584K, 0% used [0x00000000ef480000,0x00000000ef480000,0x00000000f3680000)
 ParOldGen       total 258048K, used 138883K [0x00000000a0000000, 0x00000000afc00000, 0x00000000e0000000)
  object space 258048K, 53% used [0x00000000a0000000,0x00000000a87a0ea8,0x00000000afc00000)
 Metaspace       used 89041K, capacity 94348K, committed 94552K, reserved 1130496K
  class space    used 11607K, capacity 12548K, committed 12672K, reserved 1048576K
}
Event: 7511.209 GC heap before
{Heap before GC invocations=22 (full 3):
 PSYoungGen      total 301056K, used 301037K [0x00000000e0000000, 0x00000000f9400000, 0x0000000100000000)
  eden space 250368K, 100% used [0x00000000e0000000,0x00000000ef480000,0x00000000ef480000)
  from space 50688K, 99% used [0x00000000f3680000,0x00000000f67fb560,0x00000000f6800000)
  to   space 67584K, 0% used [0x00000000ef480000,0x00000000ef480000,0x00000000f3680000)
 ParOldGen       total 258048K, used 138883K [0x00000000a0000000, 0x00000000afc00000, 0x00000000e0000000)
  object space 258048K, 53% used [0x00000000a0000000,0x00000000a87a0ea8,0x00000000afc00000)
 Metaspace       used 89169K, capacity 94502K, committed 94808K, reserved 1132544K
  class space    used 11615K, capacity 12549K, committed 12672K, reserved 1048576K
Event: 7511.247 GC heap after
Heap after GC invocations=22 (full 3):
 PSYoungGen      total 317952K, used 67572K [0x00000000e0000000, 0x00000000fe780000, 0x0000000100000000)
  eden space 250368K, 0% used [0x00000000e0000000,0x00000000e0000000,0x00000000ef480000)
  from space 67584K, 99% used [0x00000000ef480000,0x00000000f367d0e0,0x00000000f3680000)
  to   space 85504K, 0% used [0x00000000f9400000,0x00000000f9400000,0x00000000fe780000)
 ParOldGen       total 258048K, used 157780K [0x00000000a0000000, 0x00000000afc00000, 0x00000000e0000000)
  object space 258048K, 61% used [0x00000000a0000000,0x00000000a9a150f0,0x00000000afc00000)
 Metaspace       used 89169K, capacity 94502K, committed 94808K, reserved 1132544K
  class space    used 11615K, capacity 12549K, committed 12672K, reserved 1048576K
}
Event: 7511.442 GC heap before
{Heap before GC invocations=23 (full 3):
 PSYoungGen      total 317952K, used 317940K [0x00000000e0000000, 0x00000000fe780000, 0x0000000100000000)
  eden space 250368K, 100% used [0x00000000e0000000,0x00000000ef480000,0x00000000ef480000)
  from space 67584K, 99% used [0x00000000ef480000,0x00000000f367d0e0,0x00000000f3680000)
  to   space 85504K, 0% used [0x00000000f9400000,0x00000000f9400000,0x00000000fe780000)
 ParOldGen       total 258048K, used 157780K [0x00000000a0000000, 0x00000000afc00000, 0x00000000e0000000)
  object space 258048K, 61% used [0x00000000a0000000,0x00000000a9a150f0,0x00000000afc00000)
 Metaspace       used 89221K, capacity 94566K, committed 94808K, reserved 1132544K
  class space    used 11615K, capacity 12549K, committed 12672K, reserved 1048576K
Event: 7511.478 GC heap after
Heap after GC invocations=23 (full 3):
 PSYoungGen      total 411648K, used 39085K [0x00000000e0000000, 0x00000000fe380000, 0x0000000100000000)
  eden space 330240K, 0% used [0x00000000e0000000,0x00000000e0000000,0x00000000f4280000)
  from space 81408K, 48% used [0x00000000f9400000,0x00000000fba2b610,0x00000000fe380000)
  to   space 82432K, 0% used [0x00000000f4280000,0x00000000f4280000,0x00000000f9300000)
 ParOldGen       total 258048K, used 201323K [0x00000000a0000000, 0x00000000afc00000, 0x00000000e0000000)
  object space 258048K, 78% used [0x00000000a0000000,0x00000000ac49afd8,0x00000000afc00000)
 Metaspace       used 89221K, capacity 94566K, committed 94808K, reserved 1132544K
  class space    used 11615K, capacity 12549K, committed 12672K, reserved 1048576K
}
Event: 7511.712 GC heap before
{Heap before GC invocations=24 (full 3):
 PSYoungGen      total 411648K, used 369325K [0x00000000e0000000, 0x00000000fe380000, 0x0000000100000000)
  eden space 330240K, 100% used [0x00000000e0000000,0x00000000f4280000,0x00000000f4280000)
  from space 81408K, 48% used [0x00000000f9400000,0x00000000fba2b610,0x00000000fe380000)
  to   space 82432K, 0% used [0x00000000f4280000,0x00000000f4280000,0x00000000f9300000)
 ParOldGen       total 258048K, used 201323K [0x00000000a0000000, 0x00000000afc00000, 0x00000000e0000000)
  object space 258048K, 78% used [0x00000000a0000000,0x00000000ac49afd8,0x00000000afc00000)
 Metaspace       used 89252K, capacity 94578K, committed 94808K, reserved 1132544K
  class space    used 11616K, capacity 12549K, committed 12672K, reserved 1048576K
Event: 7511.735 GC heap after
Heap after GC invocations=24 (full 3):
 PSYoungGen      total 412672K, used 6112K [0x00000000e0000000, 0x0000000100000000, 0x0000000100000000)
  eden space 330240K, 0% used [0x00000000e0000000,0x00000000e0000000,0x00000000f4280000)
  from space 82432K, 7% used [0x00000000f4280000,0x00000000f4878010,0x00000000f9300000)
  to   space 82432K, 0% used [0x00000000faf80000,0x00000000faf80000,0x0000000100000000)
 ParOldGen       total 258048K, used 239469K [0x00000000a0000000, 0x00000000afc00000, 0x00000000e0000000)
  object space 258048K, 92% used [0x00000000a0000000,0x00000000ae9db540,0x00000000afc00000)
 Metaspace       used 89252K, capacity 94578K, committed 94808K, reserved 1132544K
  class space    used 11616K, capacity 12549K, committed 12672K, reserved 1048576K
}
Event: 7511.735 GC heap before
{Heap before GC invocations=25 (full 4):
 PSYoungGen      total 412672K, used 6112K [0x00000000e0000000, 0x0000000100000000, 0x0000000100000000)
  eden space 330240K, 0% used [0x00000000e0000000,0x00000000e0000000,0x00000000f4280000)
  from space 82432K, 7% used [0x00000000f4280000,0x00000000f4878010,0x00000000f9300000)
  to   space 82432K, 0% used [0x00000000faf80000,0x00000000faf80000,0x0000000100000000)
 ParOldGen       total 258048K, used 239469K [0x00000000a0000000, 0x00000000afc00000, 0x00000000e0000000)
  object space 258048K, 92% used [0x00000000a0000000,0x00000000ae9db540,0x00000000afc00000)
 Metaspace       used 89252K, capacity 94578K, committed 94808K, reserved 1132544K
  class space    used 11616K, capacity 12549K, committed 12672K, reserved 1048576K

Deoptimization events (10 events):
Event: 7511.116 Thread 0x000000001c50b000 Uncommon trap: reason=unstable_if action=reinterpret pc=0x000000000328a9b0 method=com.android.tools.r8.t.a.a.f.a(II[C)Ljava/lang/String; @ 32
Event: 7511.123 Thread 0x000000001c508800 Uncommon trap: reason=class_check action=maybe_recompile pc=0x00000000047197d8 method=com.android.tools.r8.ir.conversion.U.a(Lcom/android/tools/r8/ir/conversion/T;)Z @ 4
Event: 7511.175 Thread 0x000000001c50b000 Uncommon trap: reason=unstable_if action=reinterpret pc=0x0000000002aae4c0 method=com.android.tools.r8.utils.t.a(I)Z @ 45
Event: 7511.258 Thread 0x000000001c50a000 Uncommon trap: reason=bimorphic action=maybe_recompile pc=0x0000000005231d34 method=com.android.tools.r8.ir.regalloc.LinearScanRegisterAllocator.a(Lcom/android/tools/r8/ir/regalloc/LinearScanRegisterAllocator$a;Z)Lcom/android/tools/r8/ir/regalloc/LinearSc
Event: 7511.350 Thread 0x000000001dc9a800 Uncommon trap: reason=bimorphic action=maybe_recompile pc=0x00000000050471ec method=com.android.tools.r8.ir.analysis.g.e.b(Lcom/android/tools/r8/ir/code/Instruction;)V @ 40
Event: 7511.352 Thread 0x000000001dc9a800 Uncommon trap: reason=bimorphic action=maybe_recompile pc=0x00000000050471ec method=com.android.tools.r8.ir.analysis.g.e.b(Lcom/android/tools/r8/ir/code/Instruction;)V @ 40
Event: 7511.356 Thread 0x000000001c50a000 Uncommon trap: reason=unstable_if action=reinterpret pc=0x00000000053bc110 method=com.android.tools.r8.ir.conversion.N.b(Lcom/android/tools/r8/t/a/a/G/a;)Z @ 15
Event: 7511.440 Thread 0x000000001dc9a800 Uncommon trap: reason=bimorphic action=maybe_recompile pc=0x00000000050471ec method=com.android.tools.r8.ir.analysis.g.e.b(Lcom/android/tools/r8/ir/code/Instruction;)V @ 40
Event: 7511.479 Thread 0x000000001dc9a800 Uncommon trap: reason=bimorphic action=maybe_recompile pc=0x00000000050471ec method=com.android.tools.r8.ir.analysis.g.e.b(Lcom/android/tools/r8/ir/code/Instruction;)V @ 40
Event: 7511.644 Thread 0x000000001c508800 Uncommon trap: reason=unstable_if action=reinterpret pc=0x0000000005422a00 method=com.android.tools.r8.ir.regalloc.a.a(ILcom/android/tools/r8/ir/regalloc/a$a;)Z @ 73

Classes redefined (0 events):
No events

Internal exceptions (10 events):
Event: 7509.219 Thread 0x000000001dc9c000 Exception <a 'sun/nio/fs/WindowsException'> (0x00000000e3fbe810) thrown at [D:\src\AOSP-openjdk-cygwin\jdk8u\hotspot\src\share\vm\prims\jni.cpp, line 710]
Event: 7509.223 Thread 0x000000001dc9c000 Exception <a 'sun/nio/fs/WindowsException'> (0x00000000e462bdf0) thrown at [D:\src\AOSP-openjdk-cygwin\jdk8u\hotspot\src\share\vm\prims\jni.cpp, line 710]
Event: 7509.242 Thread 0x000000001dc9c000 Exception <a 'java/lang/NoSuchMethodError': <clinit>> (0x00000000e4a711d8) thrown at [D:\src\AOSP-openjdk-cygwin\jdk8u\hotspot\src\share\vm\prims\jni.cpp, line 1614]
Event: 7509.242 Thread 0x000000001dc9c000 Exception <a 'java/lang/NoSuchMethodError': <clinit>> (0x00000000e4a8a458) thrown at [D:\src\AOSP-openjdk-cygwin\jdk8u\hotspot\src\share\vm\prims\jni.cpp, line 1614]
Event: 7509.243 Thread 0x000000001dc9c000 Exception <a 'java/lang/NoSuchMethodError': <clinit>> (0x00000000e4aa2780) thrown at [D:\src\AOSP-openjdk-cygwin\jdk8u\hotspot\src\share\vm\prims\jni.cpp, line 1614]
Event: 7509.244 Thread 0x000000001dc9c000 Exception <a 'java/lang/NoSuchMethodError': <clinit>> (0x00000000e4b44a80) thrown at [D:\src\AOSP-openjdk-cygwin\jdk8u\hotspot\src\share\vm\prims\jni.cpp, line 1614]
Event: 7509.848 Thread 0x000000001c508800 Implicit null exception at 0x0000000004c7520f to 0x0000000004c77009
Event: 7510.813 Thread 0x000000001dc9a800 Exception <a 'sun/nio/fs/WindowsException'> (0x00000000ea560bb8) thrown at [D:\src\AOSP-openjdk-cygwin\jdk8u\hotspot\src\share\vm\prims\jni.cpp, line 710]
Event: 7510.908 Thread 0x000000001c50a000 Exception <a 'sun/nio/fs/WindowsException'> (0x00000000e39670a8) thrown at [D:\src\AOSP-openjdk-cygwin\jdk8u\hotspot\src\share\vm\prims\jni.cpp, line 710]
Event: 7510.997 Thread 0x000000001c50b000 Exception <a 'sun/nio/fs/WindowsException'> (0x00000000ec0f4628) thrown at [D:\src\AOSP-openjdk-cygwin\jdk8u\hotspot\src\share\vm\prims\jni.cpp, line 710]

Events (10 events):
Event: 7511.692 Thread 0x000000001c50a000 DEOPT UNPACKING pc=0x00000000022c71d0 sp=0x0000000024edb5d0 mode 0
Event: 7511.695 Thread 0x000000001c50b000 DEOPT PACKING pc=0x0000000004b9ca23 sp=0x00000000225db660
Event: 7511.695 Thread 0x000000001c50b000 DEOPT UNPACKING pc=0x00000000022c71d0 sp=0x00000000225db4e0 mode 0
Event: 7511.699 Thread 0x000000001dc9a800 DEOPT PACKING pc=0x0000000004b9ca23 sp=0x00000000276aa3c0
Event: 7511.699 Thread 0x000000001dc9a800 DEOPT UNPACKING pc=0x00000000022c71d0 sp=0x00000000276aa240 mode 0
Event: 7511.699 Thread 0x000000001c50b000 DEOPT PACKING pc=0x0000000004b27967 sp=0x00000000225db880
Event: 7511.699 Thread 0x000000001c50b000 DEOPT UNPACKING pc=0x00000000022c71d0 sp=0x00000000225db5a0 mode 0
Event: 7511.711 Thread 0x000000001c50b000 DEOPT PACKING pc=0x0000000004b9ca23 sp=0x00000000225db9f0
Event: 7511.711 Thread 0x000000001c50b000 DEOPT UNPACKING pc=0x00000000022c71d0 sp=0x00000000225db870 mode 0
Event: 7511.712 Executing VM operation: ParallelGCFailedAllocation


Dynamic libraries:
0x00007ff7f3590000 - 0x00007ff7f35c1000 	C:\Program Files\Android\Android Studio\jre\bin\java.exe
0x00007ffcf2a80000 - 0x00007ffcf2c70000 	C:\WINDOWS\SYSTEM32\ntdll.dll
0x00007ffcd0f60000 - 0x00007ffcd0f74000 	C:\Program Files\AVG\Antivirus\aswhook.dll
0x00007ffcf2570000 - 0x00007ffcf2622000 	C:\WINDOWS\System32\KERNEL32.DLL
0x00007ffcefab0000 - 0x00007ffcefd53000 	C:\WINDOWS\System32\KERNELBASE.dll
0x00007ffcf2080000 - 0x00007ffcf2123000 	C:\WINDOWS\System32\ADVAPI32.dll
0x00007ffcf1250000 - 0x00007ffcf12ee000 	C:\WINDOWS\System32\msvcrt.dll
0x00007ffcf2780000 - 0x00007ffcf2817000 	C:\WINDOWS\System32\sechost.dll
0x00007ffcf2450000 - 0x00007ffcf2570000 	C:\WINDOWS\System32\RPCRT4.dll
0x00007ffcf17f0000 - 0x00007ffcf1984000 	C:\WINDOWS\System32\USER32.dll
0x00007ffcefa10000 - 0x00007ffcefa31000 	C:\WINDOWS\System32\win32u.dll
0x00007ffcf12f0000 - 0x00007ffcf1316000 	C:\WINDOWS\System32\GDI32.dll
0x00007ffceff30000 - 0x00007ffcf00c4000 	C:\WINDOWS\System32\gdi32full.dll
0x00007ffcf00d0000 - 0x00007ffcf016e000 	C:\WINDOWS\System32\msvcp_win.dll
0x00007ffcf0170000 - 0x00007ffcf026a000 	C:\WINDOWS\System32\ucrtbase.dll
0x00007ffcd8850000 - 0x00007ffcd8ad5000 	C:\WINDOWS\WinSxS\amd64_microsoft.windows.common-controls_6595b64144ccf1df_6.0.18362.657_none_e6c5b579130e3898\COMCTL32.dll
0x00007ffcf0f10000 - 0x00007ffcf1246000 	C:\WINDOWS\System32\combase.dll
0x00007ffcefeb0000 - 0x00007ffceff30000 	C:\WINDOWS\System32\bcryptPrimitives.dll
0x00007ffcf29a0000 - 0x00007ffcf29ce000 	C:\WINDOWS\System32\IMM32.DLL
0x0000000053ee0000 - 0x0000000053fb2000 	C:\Program Files\Android\Android Studio\jre\jre\bin\msvcr100.dll
0x00000000540a0000 - 0x00000000548e6000 	C:\Program Files\Android\Android Studio\jre\jre\bin\server\jvm.dll
0x00007ffcf0c00000 - 0x00007ffcf0c08000 	C:\WINDOWS\System32\PSAPI.DLL
0x00007ffce7070000 - 0x00007ffce7079000 	C:\WINDOWS\SYSTEM32\WSOCK32.dll
0x00007ffcf2630000 - 0x00007ffcf269f000 	C:\WINDOWS\System32\WS2_32.dll
0x00007ffce7e70000 - 0x00007ffce7e94000 	C:\WINDOWS\SYSTEM32\WINMM.dll
0x00007ffceb110000 - 0x00007ffceb11a000 	C:\WINDOWS\SYSTEM32\VERSION.dll
0x00007ffce7e40000 - 0x00007ffce7e6d000 	C:\WINDOWS\SYSTEM32\WINMMBASE.dll
0x00007ffcefa60000 - 0x00007ffcefaaa000 	C:\WINDOWS\System32\cfgmgr32.dll
0x00007ffce7ce0000 - 0x00007ffce7cef000 	C:\Program Files\Android\Android Studio\jre\jre\bin\verify.dll
0x00007ffce7cb0000 - 0x00007ffce7cd9000 	C:\Program Files\Android\Android Studio\jre\jre\bin\java.dll
0x00007ffce7c90000 - 0x00007ffce7ca6000 	C:\Program Files\Android\Android Studio\jre\jre\bin\zip.dll
0x00007ffcf1990000 - 0x00007ffcf2075000 	C:\WINDOWS\System32\SHELL32.dll
0x00007ffcf23a0000 - 0x00007ffcf2449000 	C:\WINDOWS\System32\shcore.dll
0x00007ffcf0320000 - 0x00007ffcf0a9f000 	C:\WINDOWS\System32\windows.storage.dll
0x00007ffcef980000 - 0x00007ffcef99f000 	C:\WINDOWS\System32\profapi.dll
0x00007ffcef9a0000 - 0x00007ffcef9ea000 	C:\WINDOWS\System32\powrprof.dll
0x00007ffcef950000 - 0x00007ffcef960000 	C:\WINDOWS\System32\UMPDC.dll
0x00007ffcf26a0000 - 0x00007ffcf26f2000 	C:\WINDOWS\System32\shlwapi.dll
0x00007ffcef960000 - 0x00007ffcef971000 	C:\WINDOWS\System32\kernel.appcore.dll
0x00007ffcefa40000 - 0x00007ffcefa57000 	C:\WINDOWS\System32\cryptsp.dll
0x00007ffce7c70000 - 0x00007ffce7c8a000 	C:\Program Files\Android\Android Studio\jre\jre\bin\net.dll
0x00007ffcef1c0000 - 0x00007ffcef227000 	C:\WINDOWS\system32\mswsock.dll
0x00007ffce7c50000 - 0x00007ffce7c61000 	C:\Program Files\Android\Android Studio\jre\jre\bin\nio.dll
0x00007ffc8cea0000 - 0x00007ffc8cec6000 	C:\Users\Kiriakos\.gradle\native\29\windows-amd64\native-platform.dll
0x00007ffcce570000 - 0x00007ffcce57d000 	C:\Program Files\Android\Android Studio\jre\jre\bin\management.dll
0x00007ffceed30000 - 0x00007ffceed63000 	C:\WINDOWS\system32\rsaenh.dll
0x00007ffcf0aa0000 - 0x00007ffcf0ac6000 	C:\WINDOWS\System32\bcrypt.dll
0x00007ffcef870000 - 0x00007ffcef895000 	C:\WINDOWS\SYSTEM32\USERENV.dll
0x00007ffcef390000 - 0x00007ffcef39c000 	C:\WINDOWS\SYSTEM32\CRYPTBASE.dll
0x00007ffceeed0000 - 0x00007ffceef0a000 	C:\WINDOWS\SYSTEM32\IPHLPAPI.DLL
0x00007ffcf0dc0000 - 0x00007ffcf0dc8000 	C:\WINDOWS\System32\NSI.dll
0x00007ffceb5c0000 - 0x00007ffceb5d6000 	C:\WINDOWS\SYSTEM32\dhcpcsvc6.DLL
0x00007ffceb9a0000 - 0x00007ffceb9bc000 	C:\WINDOWS\SYSTEM32\dhcpcsvc.DLL
0x00007ffceef10000 - 0x00007ffceefda000 	C:\WINDOWS\SYSTEM32\DNSAPI.dll
0x00007ffc8de10000 - 0x00007ffc8de34000 	C:\Program Files\Android\Android Studio\jre\jre\bin\sunec.dll
0x00007ffce8650000 - 0x00007ffce865a000 	C:\Windows\System32\rasadhlp.dll
0x00007ffceb3b0000 - 0x00007ffceb427000 	C:\WINDOWS\System32\fwpuclnt.dll
0x00007ffcddda0000 - 0x00007ffcdddab000 	C:\Program Files\Android\Android Studio\jre\jre\bin\sunmscapi.dll
0x00007ffcefd60000 - 0x00007ffcefea9000 	C:\WINDOWS\System32\CRYPT32.dll
0x00007ffcef9f0000 - 0x00007ffcefa02000 	C:\WINDOWS\System32\MSASN1.dll
0x00007ffcee990000 - 0x00007ffcee9c1000 	C:\WINDOWS\SYSTEM32\ntmarta.dll
0x00007ffcea900000 - 0x00007ffceaaf4000 	C:\WINDOWS\SYSTEM32\dbghelp.dll

VM Arguments:
jvm_args: -Xmx1536m -Dfile.encoding=windows-1252 -Duser.country=US -Duser.language=en -Duser.variant 
java_command: org.gradle.launcher.daemon.bootstrap.GradleDaemon 5.4.1
java_class_path (initial): C:\Users\Kiriakos\.gradle\wrapper\dists\gradle-5.4.1-all\3221gyojl5jsh0helicew7rwx\gradle-5.4.1\lib\gradle-launcher-5.4.1.jar
Launcher Type: SUN_STANDARD

Environment Variables:
PATH=C:\Program Files (x86)\Common Files\Oracle\Java\javapath;C:\Program Files\AdoptOpenJDK\jre-11.0.4.11-hotspot\bin;C:\WINDOWS\system32;C:\WINDOWS;C:\WINDOWS\System32\Wbem;C:\WINDOWS\System32\WindowsPowerShell\v1.0\;C:\WINDOWS\System32\OpenSSH\;C:\Program Files\PuTTY\;C:\Program Files\Microsoft VS Code\bin;C:\Program Files\Git\cmd;C:\Users\Kiriakos\AppData\Local\Microsoft\WindowsApps;
USERNAME=Kiriakos
OS=Windows_NT
PROCESSOR_IDENTIFIER=AMD64 Family 23 Model 113 Stepping 0, AuthenticAMD



---------------  S Y S T E M  ---------------

OS: Windows 10.0 , 64 bit Build 18362 (10.0.18362.329)

CPU:total 12 (initial active 12) (12 cores per cpu, 1 threads per core) family 23 model 113 stepping 0, cmov, cx8, fxsr, mmx, sse, sse2, sse3, ssse3, sse4.1, sse4.2, popcnt, avx, avx2, aes, clmul, mmxext, 3dnowpref, lzcnt, sse4a, tsc, tscinvbit, tscinv, bmi1

Memory: 4k page, physical 16724448k(8421784k free), swap 19214816k(7036920k free)

vm_info: OpenJDK 64-Bit Server VM (25.202-b03) for windows-amd64 JRE (1.8.0_202-release-1483-b03), built by "builder" with MS VC++ 10.0 (VS2010)

time: Fri Feb 14 21:17:11 2020
timezone: GTB Standard Time
elapsed time: 7511 seconds (0d 2h 5m 11s)

